*** Using Compiler 'V6.21', folder: 'C:\Keil_v5\ARM\ARMCLANG\Bin'
Build target 'empty_LP_MSPM0G3507_nortos_keil'
Before Build - User command #1: cmd.exe /C "C:\ti\mspm0_sdk_2_10_00_04\oled_menu\keil\../../tools/keil/syscfg.bat 'C:\ti\mspm0_sdk_2_10_00_04\oled_menu\keil\' empty.syscfg"
Using Sysconfig Tool from "C:\ti\sysconfig_1.27.1\sysconfig_cli.bat"
"Update the file located at <sdk path>/tools/keil/syscfg.bat to use a different version"
Running script...
Validating...
info: WHEEL(/ti/driverlib/PWM): Peripheral does not retain register contents in STOP or STANDBY modes. User should take care to save and restore register configuration in application. See Retention Configuration section for more details.
Generating Code (empty.syscfg)...
Unchanged C:\ti\mspm0_sdk_2_10_00_04\oled_menu\ti_msp_dl_config.c...
Unchanged C:\ti\mspm0_sdk_2_10_00_04\oled_menu\ti_msp_dl_config.h...
Unchanged C:\ti\mspm0_sdk_2_10_00_04\oled_menu\Event.dot...
compiling key.c...
compiling empty.c...
compiling ti_msp_dl_config.c...
compiling PWM.c...
compiling delay.c...
compiling bsp_IR_io.c...
compiling Encode.c...
compiling oled_menu.c...
compiling font_writer.c...
compiling line_following.c...
compiling oled.c...
compiling w25q64.c...
linking...
Program Size: Code=7666 RO-data=2206 RW-data=4 ZI-data=580  
FromELF: creating hex file...
".\Objects\empty_LP_MSPM0G3507_nortos_keil.axf" - 0 Error(s), 0 Warning(s).
Build Time Elapsed:  00:00:03
